time=2024-12-07T11:45:46.425+05:00 level=ERROR msg="eailed with status code: %d" !BADKEY=201
time=2024-12-07T11:45:46.425+05:00 level=INFO msg="Data inserted successfully: " !BADKEY="{Class:{Name:Mathematics} Topic:{ClassID: Name:Algebra} Lesson:{ClassID:class1 TopicID:topic1 VideoURL:[https://example.com/video1.mp4 https://example.com/video2.mp4]} Question:{ID:b2e1ff2d-4b8a-4fc6-9a2a-cf9d75125f9d TopicID:d1e58d68-6cb5-453e-93ad-f8e2f9915f85 QuestionType:multiple_choice QuestionLevel:medium QuestionText:What is 2 + 2? QuestionImageURL:<nil> Options:[3 4 5] OptionsURL:[] Answer:4 Solution:0xc000016350 SolutionImageURL:<nil>}}"
time=2024-12-07T11:45:46.961+05:00 level=ERROR msg="eailed with status code: %d" !BADKEY=201
time=2024-12-07T11:45:46.961+05:00 level=INFO msg="Data inserted successfully: " !BADKEY="{Class:{Name:Physics} Topic:{ClassID: Name:Mechanics} Lesson:{ClassID:class2 TopicID:topic2 VideoURL:[https://example.com/mechanics1.mp4 https://example.com/mechanics2.mp4]} Question:{ID:b4cdee89-924f-49e5-bb10-7338c7e125fb TopicID:94e2c3a2-5e94-489d-b01f-53a85aef8eab QuestionType:true_false QuestionLevel:easy QuestionText:Newton's first law is also known as the law of inertia. QuestionImageURL:<nil> Options:[True False] OptionsURL:[] Answer:True Solution:0xc000016380 SolutionImageURL:<nil>}}"
time=2024-12-07T11:45:47.367+05:00 level=ERROR msg="eailed with status code: %d" !BADKEY=201
time=2024-12-07T11:45:47.367+05:00 level=INFO msg="Data inserted successfully: " !BADKEY="{Class:{Name:Chemistry} Topic:{ClassID: Name:Periodic Table} Lesson:{ClassID:class3 TopicID:topic3 VideoURL:[https://example.com/chem1.mp4]} Question:{ID:db4ac8b6-66df-4c7b-ae18-f4c8ab92c501 TopicID:d5e761bd-896d-459a-8ed9-3b6edc1a4bf7 QuestionType:short_answer QuestionLevel:hard QuestionText:What is the atomic number of Oxygen? QuestionImageURL:<nil> Options:[] OptionsURL:[] Answer:8 Solution:0xc0000163a0 SolutionImageURL:<nil>}}"
time=2024-12-07T11:45:47.814+05:00 level=ERROR msg="eailed with status code: %d" !BADKEY=201
time=2024-12-07T11:45:47.814+05:00 level=INFO msg="Data inserted successfully: " !BADKEY="{Class:{Name:Biology} Topic:{ClassID: Name:Human Anatomy} Lesson:{ClassID:class4 TopicID:topic4 VideoURL:[https://example.com/anatomy1.mp4 https://example.com/anatomy2.mp4]} Question:{ID:f3b6ae69-c309-4c9b-9b56-b8f2d3f61d2d TopicID:435d6bcd-9d41-4d3a-a867-5c6be3ad8c41 QuestionType:multiple_choice QuestionLevel:medium QuestionText:What is the function of red blood cells? QuestionImageURL:<nil> Options:[Transport oxygen Fight infections Clot blood] OptionsURL:[] Answer:Transport oxygen Solution:0xc0000163d0 SolutionImageURL:<nil>}}"
time=2024-12-07T12:51:06.768+05:00 level=ERROR msg="Error inserting data: %v" !BADKEY=<nil>
time=2024-12-07T12:51:07.135+05:00 level=ERROR msg="Error inserting data: %v" !BADKEY=<nil>
time=2024-12-07T12:51:07.749+05:00 level=ERROR msg="Error inserting data: %v" !BADKEY=<nil>
time=2024-12-07T12:51:08.166+05:00 level=ERROR msg="Error inserting data: %v" !BADKEY=<nil>
time=2024-12-07T12:59:56.447+05:00 level=ERROR msg="error inserting data: %v" !BADKEY=<nil>
time=2024-12-07T12:59:56.857+05:00 level=ERROR msg="error inserting data: %v" !BADKEY=<nil>
time=2024-12-07T12:59:57.266+05:00 level=ERROR msg="error inserting data: %v" !BADKEY=<nil>
time=2024-12-07T12:59:57.585+05:00 level=ERROR msg="error inserting data: %v" !BADKEY=<nil>
time=2024-12-07T13:01:09.179+05:00 level=INFO msg="Response body" body="{\"data\":\"69833099-97a1-446a-ad29-5ba17bbe54c3\",\"status\":201}"
time=2024-12-07T13:01:09.179+05:00 level=ERROR msg="Error unmarshaling data: %v" error="json: cannot unmarshal number into Go struct field Response.status of type string"
time=2024-12-07T13:01:09.179+05:00 level=ERROR msg="Error inserting data: %v" error="json: cannot unmarshal number into Go struct field Response.status of type string"
time=2024-12-07T13:01:09.454+05:00 level=INFO msg="Response body" body="{\"data\":\"278b96f9-2775-4279-b474-c4cd41323495\",\"status\":201}"
time=2024-12-07T13:01:09.454+05:00 level=ERROR msg="Error unmarshaling data: %v" error="json: cannot unmarshal number into Go struct field Response.status of type string"
time=2024-12-07T13:01:09.454+05:00 level=ERROR msg="Error inserting data: %v" error="json: cannot unmarshal number into Go struct field Response.status of type string"
time=2024-12-07T13:01:09.760+05:00 level=INFO msg="Response body" body="{\"data\":\"d07a4492-a08a-4b3d-8533-5d47d29f35db\",\"status\":201}"
time=2024-12-07T13:01:09.760+05:00 level=ERROR msg="Error unmarshaling data: %v" error="json: cannot unmarshal number into Go struct field Response.status of type string"
time=2024-12-07T13:01:09.760+05:00 level=ERROR msg="Error inserting data: %v" error="json: cannot unmarshal number into Go struct field Response.status of type string"
time=2024-12-07T13:01:10.108+05:00 level=INFO msg="Response body" body="{\"data\":\"893fc315-db8c-4db5-a941-03efca2ae510\",\"status\":201}"
time=2024-12-07T13:01:10.108+05:00 level=ERROR msg="Error unmarshaling data: %v" error="json: cannot unmarshal number into Go struct field Response.status of type string"
time=2024-12-07T13:01:10.108+05:00 level=ERROR msg="Error inserting data: %v" error="json: cannot unmarshal number into Go struct field Response.status of type string"
time=2024-12-07T13:01:37.100+05:00 level=INFO msg="Response body" body="{\"data\":\"b0c23ef5-9a30-47e3-954d-fc9ba2b5fbfa\",\"status\":201}"
time=2024-12-07T13:01:37.100+05:00 level=ERROR msg="Error unmarshaling data: %v" error="json: cannot unmarshal number into Go struct field Response.status of type string"
time=2024-12-07T13:01:37.100+05:00 level=ERROR msg="Error inserting data: %v" error="json: cannot unmarshal number into Go struct field Response.status of type string"
time=2024-12-07T13:01:37.509+05:00 level=INFO msg="Response body" body="{\"data\":\"1831c8ba-1e39-4a06-a7ac-7e49c11b3635\",\"status\":201}"
time=2024-12-07T13:01:37.509+05:00 level=ERROR msg="Error unmarshaling data: %v" error="json: cannot unmarshal number into Go struct field Response.status of type string"
time=2024-12-07T13:01:37.509+05:00 level=ERROR msg="Error inserting data: %v" error="json: cannot unmarshal number into Go struct field Response.status of type string"
time=2024-12-07T13:01:38.124+05:00 level=INFO msg="Response body" body="{\"data\":\"44ca0157-d41a-4a48-900d-75bc515f7574\",\"status\":201}"
time=2024-12-07T13:01:38.124+05:00 level=ERROR msg="Error unmarshaling data: %v" error="json: cannot unmarshal number into Go struct field Response.status of type string"
time=2024-12-07T13:01:38.124+05:00 level=ERROR msg="Error inserting data: %v" error="json: cannot unmarshal number into Go struct field Response.status of type string"
time=2024-12-07T13:01:38.534+05:00 level=INFO msg="Response body" body="{\"data\":\"c86fe383-e924-4959-b4e6-7b58643f5446\",\"status\":201}"
time=2024-12-07T13:01:38.534+05:00 level=ERROR msg="Error unmarshaling data: %v" error="json: cannot unmarshal number into Go struct field Response.status of type string"
time=2024-12-07T13:01:38.534+05:00 level=ERROR msg="Error inserting data: %v" error="json: cannot unmarshal number into Go struct field Response.status of type string"
time=2024-12-07T13:03:11.815+05:00 level=INFO msg="Response body" body="{\"data\":\"5c89e00d-cc8e-4bbc-bfed-7dca6e799e4d\",\"status\":201}"
time=2024-12-07T13:03:11.815+05:00 level=INFO msg="Before unmarshaling" raw_response="{\"data\":\"5c89e00d-cc8e-4bbc-bfed-7dca6e799e4d\",\"status\":201}"
time=2024-12-07T13:03:11.815+05:00 level=ERROR msg="Error unmarshaling data: %v" error="json: cannot unmarshal number into Go struct field Response.status of type string"
time=2024-12-07T13:03:11.815+05:00 level=ERROR msg="Error inserting data: %v" error="json: cannot unmarshal number into Go struct field Response.status of type string"
time=2024-12-07T13:03:12.226+05:00 level=INFO msg="Response body" body="{\"data\":\"5f591f70-1672-41b3-824b-e0e7fb59bee9\",\"status\":201}"
time=2024-12-07T13:03:12.226+05:00 level=INFO msg="Before unmarshaling" raw_response="{\"data\":\"5f591f70-1672-41b3-824b-e0e7fb59bee9\",\"status\":201}"
time=2024-12-07T13:03:12.226+05:00 level=ERROR msg="Error unmarshaling data: %v" error="json: cannot unmarshal number into Go struct field Response.status of type string"
time=2024-12-07T13:03:12.226+05:00 level=ERROR msg="Error inserting data: %v" error="json: cannot unmarshal number into Go struct field Response.status of type string"
time=2024-12-07T13:03:12.633+05:00 level=INFO msg="Response body" body="{\"data\":\"77d109b5-e47b-47ef-b69a-0a9faa2046fc\",\"status\":201}"
time=2024-12-07T13:03:12.633+05:00 level=INFO msg="Before unmarshaling" raw_response="{\"data\":\"77d109b5-e47b-47ef-b69a-0a9faa2046fc\",\"status\":201}"
time=2024-12-07T13:03:12.633+05:00 level=ERROR msg="Error unmarshaling data: %v" error="json: cannot unmarshal number into Go struct field Response.status of type string"
time=2024-12-07T13:03:12.633+05:00 level=ERROR msg="Error inserting data: %v" error="json: cannot unmarshal number into Go struct field Response.status of type string"
time=2024-12-07T13:03:13.044+05:00 level=INFO msg="Response body" body="{\"data\":\"dc2f1ad7-ca2f-4698-a825-b34103aa3ccc\",\"status\":201}"
time=2024-12-07T13:03:13.044+05:00 level=INFO msg="Before unmarshaling" raw_response="{\"data\":\"dc2f1ad7-ca2f-4698-a825-b34103aa3ccc\",\"status\":201}"
time=2024-12-07T13:03:13.044+05:00 level=ERROR msg="Error unmarshaling data: %v" error="json: cannot unmarshal number into Go struct field Response.status of type string"
time=2024-12-07T13:03:13.044+05:00 level=ERROR msg="Error inserting data: %v" error="json: cannot unmarshal number into Go struct field Response.status of type string"
time=2024-12-07T13:04:10.190+05:00 level=INFO msg="Response body" body="{\"data\":\"a2b73590-8772-486c-9f7e-e88c92b2fd90\",\"status\":201}"
time=2024-12-07T13:04:10.190+05:00 level=INFO msg="Before unmarshaling" raw_response="{\"data\":\"a2b73590-8772-486c-9f7e-e88c92b2fd90\",\"status\":201}"
time=2024-12-07T13:04:10.190+05:00 level=INFO msg="After unmarshaling" ID=a2b73590-8772-486c-9f7e-e88c92b2fd90
time=2024-12-07T13:04:10.190+05:00 level=INFO msg="Data inserted successfully!" ID=a2b73590-8772-486c-9f7e-e88c92b2fd90
time=2024-12-07T13:04:10.539+05:00 level=INFO msg="Response body" body="{\"data\":\"cd00d380-de38-4c6b-b598-b688a1ad8a24\",\"status\":201}"
time=2024-12-07T13:04:10.539+05:00 level=INFO msg="Before unmarshaling" raw_response="{\"data\":\"cd00d380-de38-4c6b-b598-b688a1ad8a24\",\"status\":201}"
time=2024-12-07T13:04:10.539+05:00 level=INFO msg="After unmarshaling" ID=cd00d380-de38-4c6b-b598-b688a1ad8a24
time=2024-12-07T13:04:10.539+05:00 level=INFO msg="Data inserted successfully!" ID=cd00d380-de38-4c6b-b598-b688a1ad8a24
time=2024-12-07T13:04:10.830+05:00 level=INFO msg="Response body" body="{\"data\":\"dcbdc88c-0b11-4409-87f5-a7a3e32ba1a4\",\"status\":201}"
time=2024-12-07T13:04:10.831+05:00 level=INFO msg="Before unmarshaling" raw_response="{\"data\":\"dcbdc88c-0b11-4409-87f5-a7a3e32ba1a4\",\"status\":201}"
time=2024-12-07T13:04:10.831+05:00 level=INFO msg="After unmarshaling" ID=dcbdc88c-0b11-4409-87f5-a7a3e32ba1a4
time=2024-12-07T13:04:10.831+05:00 level=INFO msg="Data inserted successfully!" ID=dcbdc88c-0b11-4409-87f5-a7a3e32ba1a4
time=2024-12-07T13:04:11.206+05:00 level=INFO msg="Response body" body="{\"data\":\"6bb5878c-6047-45d5-80f2-1d5f703ddee8\",\"status\":201}"
time=2024-12-07T13:04:11.206+05:00 level=INFO msg="Before unmarshaling" raw_response="{\"data\":\"6bb5878c-6047-45d5-80f2-1d5f703ddee8\",\"status\":201}"
time=2024-12-07T13:04:11.206+05:00 level=INFO msg="After unmarshaling" ID=6bb5878c-6047-45d5-80f2-1d5f703ddee8
time=2024-12-07T13:04:11.206+05:00 level=INFO msg="Data inserted successfully!" ID=6bb5878c-6047-45d5-80f2-1d5f703ddee8
time=2024-12-07T13:18:46.406+05:00 level=INFO msg="Response body" body="{\"data\":\"e9fd0de4-56be-4356-bdd3-5b50fbb40228\",\"status\":201}"
time=2024-12-07T13:18:46.406+05:00 level=INFO msg="Before unmarshaling" raw_response="{\"data\":\"e9fd0de4-56be-4356-bdd3-5b50fbb40228\",\"status\":201}"
time=2024-12-07T13:18:46.406+05:00 level=INFO msg="After unmarshaling" ID=e9fd0de4-56be-4356-bdd3-5b50fbb40228
time=2024-12-07T13:18:46.406+05:00 level=INFO msg="Data inserted successfully!" ID=e9fd0de4-56be-4356-bdd3-5b50fbb40228
time=2024-12-07T13:18:46.814+05:00 level=INFO msg="Response body" body="{\"data\":\"f77eb9ed-78ca-446e-9af5-69a9f50a518c\",\"status\":201}"
time=2024-12-07T13:18:46.814+05:00 level=INFO msg="Before unmarshaling" raw_response="{\"data\":\"f77eb9ed-78ca-446e-9af5-69a9f50a518c\",\"status\":201}"
time=2024-12-07T13:18:46.814+05:00 level=INFO msg="After unmarshaling" ID=f77eb9ed-78ca-446e-9af5-69a9f50a518c
time=2024-12-07T13:18:46.814+05:00 level=INFO msg="Data inserted successfully!" ID=f77eb9ed-78ca-446e-9af5-69a9f50a518c
time=2024-12-07T13:18:47.350+05:00 level=INFO msg="Response body" body="{\"data\":\"42e30097-850f-484d-a8db-d9a6d4c4598b\",\"status\":201}"
time=2024-12-07T13:18:47.350+05:00 level=INFO msg="Before unmarshaling" raw_response="{\"data\":\"42e30097-850f-484d-a8db-d9a6d4c4598b\",\"status\":201}"
time=2024-12-07T13:18:47.350+05:00 level=INFO msg="After unmarshaling" ID=42e30097-850f-484d-a8db-d9a6d4c4598b
time=2024-12-07T13:18:47.350+05:00 level=INFO msg="Data inserted successfully!" ID=42e30097-850f-484d-a8db-d9a6d4c4598b
time=2024-12-07T13:18:47.644+05:00 level=INFO msg="Response body" body="{\"data\":\"9beee04e-00fe-4110-9184-7c62ea596244\",\"status\":201}"
time=2024-12-07T13:18:47.644+05:00 level=INFO msg="Before unmarshaling" raw_response="{\"data\":\"9beee04e-00fe-4110-9184-7c62ea596244\",\"status\":201}"
time=2024-12-07T13:18:47.644+05:00 level=INFO msg="After unmarshaling" ID=9beee04e-00fe-4110-9184-7c62ea596244
time=2024-12-07T13:18:47.644+05:00 level=INFO msg="Data inserted successfully!" ID=9beee04e-00fe-4110-9184-7c62ea596244
time=2024-12-07T13:20:16.374+05:00 level=INFO msg="Response body" body="{\"data\":\"63adf624-6b28-4fb2-9075-93d77a907780\",\"status\":201}"
time=2024-12-07T13:20:16.374+05:00 level=INFO msg="Before unmarshaling" raw_response="{\"data\":\"63adf624-6b28-4fb2-9075-93d77a907780\",\"status\":201}"
time=2024-12-07T13:20:16.374+05:00 level=INFO msg="After unmarshaling" ID=63adf624-6b28-4fb2-9075-93d77a907780
time=2024-12-07T13:20:16.374+05:00 level=INFO msg="Data inserted successfully!" ID=63adf624-6b28-4fb2-9075-93d77a907780
time=2024-12-07T13:20:16.724+05:00 level=INFO msg="Response body" body="{\"data\":\"88fdbcc8-77f5-448b-ab13-5d85e67cabf4\",\"status\":201}"
time=2024-12-07T13:20:16.724+05:00 level=INFO msg="Before unmarshaling" raw_response="{\"data\":\"88fdbcc8-77f5-448b-ab13-5d85e67cabf4\",\"status\":201}"
time=2024-12-07T13:20:16.724+05:00 level=INFO msg="After unmarshaling" ID=88fdbcc8-77f5-448b-ab13-5d85e67cabf4
time=2024-12-07T13:20:16.724+05:00 level=INFO msg="Data inserted successfully!" ID=88fdbcc8-77f5-448b-ab13-5d85e67cabf4
time=2024-12-07T13:20:17.133+05:00 level=INFO msg="Response body" body="{\"data\":\"194581e2-2a0a-42d0-9ac0-584f7a017291\",\"status\":201}"
time=2024-12-07T13:20:17.133+05:00 level=INFO msg="Before unmarshaling" raw_response="{\"data\":\"194581e2-2a0a-42d0-9ac0-584f7a017291\",\"status\":201}"
time=2024-12-07T13:20:17.133+05:00 level=INFO msg="After unmarshaling" ID=194581e2-2a0a-42d0-9ac0-584f7a017291
time=2024-12-07T13:20:17.133+05:00 level=INFO msg="Data inserted successfully!" ID=194581e2-2a0a-42d0-9ac0-584f7a017291
time=2024-12-07T13:20:17.411+05:00 level=INFO msg="Response body" body="{\"data\":\"e7783506-eec9-4689-b494-bbe4efa52699\",\"status\":201}"
time=2024-12-07T13:20:17.411+05:00 level=INFO msg="Before unmarshaling" raw_response="{\"data\":\"e7783506-eec9-4689-b494-bbe4efa52699\",\"status\":201}"
time=2024-12-07T13:20:17.411+05:00 level=INFO msg="After unmarshaling" ID=e7783506-eec9-4689-b494-bbe4efa52699
time=2024-12-07T13:20:17.411+05:00 level=INFO msg="Data inserted successfully!" ID=e7783506-eec9-4689-b494-bbe4efa52699
